<?xml version="1.0" encoding="utf-8"?><testsuites name="pytest tests"><testsuite name="pytest" errors="0" failures="0" skipped="0" tests="17" time="5.487" timestamp="2026-01-06T11:56:17.603525+00:00" hostname="agent-env-bb2cd8d7-79fa-4bfe-a565-44ae436d46b4"><testcase classname="tests.test_firmanager_api.TestAuth" name="test_login_success" time="0.506" /><testcase classname="tests.test_firmanager_api.TestProducts" name="test_get_products" time="0.676" /><testcase classname="tests.test_firmanager_api.TestProducts" name="test_create_product_with_image_url" time="0.082" /><testcase classname="tests.test_firmanager_api.TestProducts" name="test_update_product_image_url" time="0.173" /><testcase classname="tests.test_firmanager_api.TestRoutes" name="test_get_customers" time="0.574" /><testcase classname="tests.test_firmanager_api.TestRoutes" name="test_create_route_from_anleggsnr" time="0.086" /><testcase classname="tests.test_firmanager_api.TestRoutes" name="test_get_routes" time="0.082" /><testcase classname="tests.test_firmanager_api.TestEconomyProdusent" name="test_get_supplier_pricing" time="0.536" /><testcase classname="tests.test_firmanager_api.TestEconomyProdusent" name="test_create_produsent" time="0.089" /><testcase classname="tests.test_firmanager_api.TestEconomyProdusent" name="test_update_produsent" time="0.164" /><testcase classname="tests.test_firmanager_api.TestServices" name="test_get_services" time="0.516" /><testcase classname="tests.test_firmanager_api.TestServices" name="test_create_service_with_produsent" time="0.169" /><testcase classname="tests.test_firmanager_api.TestResults" name="test_get_work_orders" time="0.514" /><testcase classname="tests.test_firmanager_api.TestResults" name="test_get_employees" time="0.071" /><testcase classname="tests.test_firmanager_api.TestResults" name="test_get_internal_orders" time="0.080" /><testcase classname="tests.test_firmanager_api.TestCleanup" name="test_cleanup_test_products" time="0.675" /><testcase classname="tests.test_firmanager_api.TestCleanup" name="test_cleanup_test_services" time="0.194" /></testsuite></testsuites>